app/mapping.txt
# compiler: R8
# compiler_version: 1.5.64
# min_api: 18
# pg_map_id: e8061fc
cn.george.mylearn.BuildConfig -> cn.george.mylearn.BuildConfig:
    7:7:void <clinit>() -> <clinit>
    6:6:void <init>() -> <init>
cn.george.mylearn.MainActivity -> cn.george.mylearn.MainActivity:
    10:10:void <init>() -> <init>
    13:24:void onCreate(android.os.Bundle) -> onCreate
    27:28:void onTest(android.view.View) -> onTest
cn.george.mylearn.R -> cn.george.mylearn.R:
    10:10:void <init>() -> <init>
cn.george.mylearn.R$anim -> cn.george.mylearn.R$anim:
    11:11:void <init>() -> <init>
cn.george.mylearn.R$attr -> cn.george.mylearn.R$attr:
    37:37:void <init>() -> <init>
cn.george.mylearn.R$bool -> cn.george.mylearn.R$bool:
    3112:3112:void <init>() -> <init>
cn.george.mylearn.R$color -> cn.george.mylearn.R$color:
    3117:3117:void <init>() -> <init>
cn.george.mylearn.R$dimen -> cn.george.mylearn.R$dimen:
    3206:3206:void <init>() -> <init>
cn.george.mylearn.R$drawable -> cn.george.mylearn.R$drawable:
    3325:3325:void <init>() -> <init>
cn.george.mylearn.R$id -> cn.george.mylearn.R$id:
    3438:3438:void <init>() -> <init>
cn.george.mylearn.R$integer -> cn.george.mylearn.R$integer:
    3625:3625:void <init>() -> <init>
cn.george.mylearn.R$interpolator -> cn.george.mylearn.R$interpolator:
    3632:3632:void <init>() -> <init>
cn.george.mylearn.R$layout -> cn.george.mylearn.R$layout:
    3641:3641:void <init>() -> <init>
cn.george.mylearn.R$mipmap -> cn.george.mylearn.R$mipmap:
    3684:3684:void <init>() -> <init>
cn.george.mylearn.R$string -> cn.george.mylearn.R$string:
    3688:3688:void <init>() -> <init>
cn.george.mylearn.R$style -> cn.george.mylearn.R$style:
    3720:3720:void <init>() -> <init>
cn.george.mylearn.R$styleable -> cn.george.mylearn.R$styleable:
    4144:13942:void <clinit>() -> <clinit>
    4072:4072:void <init>() -> <init>
cn.george.mylearn.customLiveData.MyLiveData -> cn.george.mylearn.customLiveData.MyLiveData:
    34:36:void <init>(android.content.Context) -> <init>
    22:22:void access$100(cn.george.mylearn.customLiveData.MyLiveData,java.lang.Object) -> a
    40:42:void onActive() -> b
    46:48:void onInactive() -> c
    22:22:cn.george.mylearn.customLiveData.MyLiveData access$000() -> d
    28:31:cn.george.mylearn.customLiveData.MyLiveData getInstance(android.content.Context) -> getInstance
    51:54:void registerReceiver() -> registerReceiver
    57:58:void unregisterReceiver() -> unregisterReceiver
cn.george.mylearn.customLiveData.MyLiveData$1 -> cn.george.mylearn.customLiveData.MyLiveData$1:
    cn.george.mylearn.customLiveData.MyLiveData this$0 -> a
    60:60:void <init>(cn.george.mylearn.customLiveData.MyLiveData) -> <init>
    63:70:void onReceive(android.content.Context,android.content.Intent) -> onReceive
cn.george.mylearn.liveData.-$$Lambda$LiveDataFragment$D3zqWHA3O__cePicV58tHVCXyWA -> a.a.a.a.a:
    cn.george.mylearn.liveData.-$$Lambda$LiveDataFragment$D3zqWHA3O__cePicV58tHVCXyWA INSTANCE -> a
cn.george.mylearn.liveData.-$$Lambda$LiveDataFragment$LXzBpdT1Wi-_kOb761ZQWzxbZX4 -> a.a.a.a.b:
    cn.george.mylearn.liveData.-$$Lambda$LiveDataFragment$LXzBpdT1Wi-_kOb761ZQWzxbZX4 INSTANCE -> a
cn.george.mylearn.liveData.-$$Lambda$LiveDataFragment$ejrZkPLf7pWNWO0SEhUAaFv7FTA -> a.a.a.a.c:
    cn.george.mylearn.liveData.-$$Lambda$LiveDataFragment$ejrZkPLf7pWNWO0SEhUAaFv7FTA INSTANCE -> a
...
androidx.core.widget.ScrollerCompat -> androidx.core.widget.ScrollerCompat:
    android.widget.OverScroller mScroller -> a
    56:59:void <init>(android.content.Context,android.view.animation.Interpolator) -> <init>
    273:274:void abortAnimation() -> abortAnimation
    142:142:boolean computeScrollOffset() -> computeScrollOffset
    41:41:androidx.core.widget.ScrollerCompat create(android.content.Context) -> create
    49:49:androidx.core.widget.ScrollerCompat create(android.content.Context,android.view.animation.Interpolator) -> create
    210:211:void fling(int,int,int,int,int,int,int,int) -> fling
    242:244:void fling(int,int,int,int,int,int,int,int,int,int) -> fling
    130:130:float getCurrVelocity() -> getCurrVelocity
    82:82:int getCurrX() -> getCurrX
    94:94:int getCurrY() -> getCurrY
    104:104:int getFinalX() -> getFinalX
    114:114:int getFinalY() -> getFinalY
    70:70:boolean isFinished() -> isFinished
    334:334:boolean isOverScrolled() -> isOverScrolled
    294:295:void notifyHorizontalEdgeReached(int,int,int) -> notifyHorizontalEdgeReached
    314:315:void notifyVerticalEdgeReached(int,int,int) -> notifyVerticalEdgeReached
    262:262:boolean springBack(int,int,int,int,int,int) -> springBack
    163:164:void startScroll(int,int,int,int) -> startScroll
    183:184:void startScroll(int,int,int,int,int) -> startScroll
androidx.core.widget.TextViewCompat -> androidx.core.widget.TextViewCompat:
    111:111:void <init>() -> <init>
    456:462:int getAutoSizeMaxTextSize(android.widget.TextView) -> getAutoSizeMaxTextSize
    439:445:int getAutoSizeMinTextSize(android.widget.TextView) -> getAutoSizeMinTextSize
    422:428:int getAutoSizeStepGranularity(android.widget.TextView) -> getAutoSizeStepGranularity
    473:479:int[] getAutoSizeTextAvailableSizes(android.widget.TextView) -> getAutoSizeTextAvailableSizes
    406:412:int getAutoSizeTextType(android.widget.TextView) -> getAutoSizeTextType
    1003:1009:android.content.res.ColorStateList getCompoundDrawableTintList(android.widget.TextView) -> getCompoundDrawableTintList
    1038:1044:android.graphics.PorterDuff$Mode getCompoundDrawableTintMode(android.widget.TextView) -> getCompoundDrawableTintMode
    295:310:android.graphics.drawable.Drawable[] getCompoundDrawablesRelative(android.widget.TextView) -> getCompoundDrawablesRelative
    768:768:int getFirstBaselineToTopHeight(android.widget.TextView) -> getFirstBaselineToTopHeight
    778:778:int getLastBaselineToBottomHeight(android.widget.TextView) -> getLastBaselineToBottomHeight
    226:244:int getMaxLines(android.widget.TextView) -> getMaxLines
    252:270:int getMinLines(android.widget.TextView) -> getMinLines
    957:974:int getTextDirection(android.text.TextDirectionHeuristic) -> getTextDirection